#
# A fatal error has been detected by the Java Runtime Environment:
#
#  EXCEPTION_ACCESS_VIOLATION (0xc0000005) at pc=0x000000005473cedb, pid=8664, tid=0x000000000000137c
#
# JRE version: Java(TM) SE Runtime Environment (8.0_251-b08) (build 1.8.0_251-b08)
# Java VM: Java HotSpot(TM) 64-Bit Server VM (25.251-b08 mixed mode windows-amd64 compressed oops)
# Problematic frame:
# V  [jvm.dll+0x2dcedb]
#
# Failed to write core dump. Minidumps are not enabled by default on client versions of Windows
#
# If you would like to submit a bug report, please visit:
#   http://bugreport.java.com/bugreport/crash.jsp
#

---------------  T H R E A D  ---------------

Current thread (0x000000001c039000):  JavaThread "JDWP Transport Listener: dt_socket" daemon [_thread_in_vm, id=4988, stack(0x000000001da00000,0x000000001db00000)]

siginfo: ExceptionCode=0xc0000005, reading address 0xffffffffffffffff

Registers:
RAX=0x0000000002a45720, RBX=0x000000001dafec20, RCX=0x000000001dafec20, RDX=0x000000000291e870
RSP=0x000000001dafeb70, RBP=0x000000001c03d1b0, RSI=0x00000000024f85d0, RDI=0x000000001dafec50
R8 =0xf045c748f0658b48, R9 =0xc86d8b4c00000000, R10=0x0000000000000000, R11=0x0000000002a008da
R12=0x000000001c0436d0, R13=0x000000001c0436e0, R14=0x000000001c043ab8, R15=0x00000000000003d8
RIP=0x000000005473cedb, EFLAGS=0x0000000000010246

Top of Stack: (sp=0x000000001dafeb70)
0x000000001dafeb70:   000000001dafec20 000000001c03d1b0
0x000000001dafeb80:   00000000024f85d0 000000001c03d1b0
0x000000001dafeb90:   000000001dafec20 000000005466e515
0x000000001dafeba0:   000000001daff220 00000000546a7cf9
0x000000001dafebb0:   000000001ed3ef70 000000001daff280
0x000000001dafebc0:   000000001daff280 0000000000007fe8
0x000000001dafebd0:   0000b976ca7a4e83 000000005473ceb3
0x000000001dafebe0:   0000000000001061 00000000024f85d0
0x000000001dafebf0:   0000000000001061 00000000546a7d79
0x000000001dafec00:   000000001dfb74b0 000000005466e524
0x000000001dafec10:   000000001daff290 000000001dfb6eb0
0x000000001dafec20:   0000000002a07be0 c86d8b4c00000000
0x000000001dafec30:   0000000000000000 0000000000000000
0x000000001dafec40:   f045c748f0658b48 0000000002a07be0
0x000000001dafec50:   0000000000000006 0000000000000000
0x000000001dafec60:   000000001dfb7550 0000000000000000 

Instructions: (pc=0x000000005473cedb)
0x000000005473cebb:   c3 48 83 79 10 00 74 11 48 8b d3 e8 75 fc ff ff
0x000000005473cecb:   48 8b c3 48 83 c4 20 5b c3 4c 8b 41 20 48 8b cb
0x000000005473cedb:   4d 8b 48 08 49 8d 50 10 4d 8b 00 e8 e5 f6 d3 ff
0x000000005473ceeb:   48 8b c3 48 83 c4 20 5b c3 cc cc cc cc cc cc cc 


Register to memory mapping:

RAX=0x0000000002a45720 is an unknown value
RBX=0x000000001dafec20 is pointing into the stack for thread: 0x000000001c039000
RCX=0x000000001dafec20 is pointing into the stack for thread: 0x000000001c039000
RDX=0x000000000291e870 is an unknown value
RSP=0x000000001dafeb70 is pointing into the stack for thread: 0x000000001c039000
RBP=0x000000001c03d1b0 is an unknown value
RSI=0x00000000024f85d0 is an unknown value
RDI=0x000000001dafec50 is pointing into the stack for thread: 0x000000001c039000
R8 =0xf045c748f0658b48 is an unknown value
R9 =0xc86d8b4c00000000 is an unknown value
R10=0x0000000000000000 is an unknown value
R11=0x0000000002a008da is at begin+179 in a stub
StubRoutines::call_stub [0x0000000002a00827, 0x0000000002a0098b[ (356 bytes)
R12=0x000000001c0436d0 is an unknown value
R13=0x000000001c0436e0 is an unknown value
R14=0x000000001c043ab8 is an unknown value
R15=0x00000000000003d8 is an unknown value


Stack: [0x000000001da00000,0x000000001db00000],  sp=0x000000001dafeb70,  free space=1018k
Native frames: (J=compiled Java code, j=interpreted, Vv=VM code, C=native code)
V  [jvm.dll+0x2dcedb]
V  [jvm.dll+0x20e515]
V  [jvm.dll+0x247d79]
V  [jvm.dll+0x247978]
V  [jvm.dll+0x1ad0de]
V  [jvm.dll+0x1af100]
V  [jvm.dll+0x1a5312]
V  [jvm.dll+0x34288b]
C  [jdwp.dll+0x87f6]
C  [jdwp.dll+0xf15d]
C  [jdwp.dll+0x1f5c9]
C  [jdwp.dll+0x1f79e]
V  [jvm.dll+0x1be46a]
V  [jvm.dll+0x24685f]
V  [jvm.dll+0x2a001a]
C  [msvcr100.dll+0x21d9f]
C  [msvcr100.dll+0x21e3b]
C  [KERNEL32.DLL+0x17c24]
C  [ntdll.dll+0x6d4d1]


---------------  P R O C E S S  ---------------

Java Threads: ( => current thread )
  0x0000000002902800 JavaThread "DestroyJavaVM" [_thread_blocked, id=1336, stack(0x0000000002600000,0x0000000002700000)]
  0x000000001e89c000 JavaThread "AWT-EventQueue-0" [_thread_blocked, id=7108, stack(0x0000000028280000,0x0000000028380000)]
  0x000000001e81b000 JavaThread "AWT-Shutdown" [_thread_blocked, id=7392, stack(0x000000001f080000,0x000000001f180000)]
  0x000000001e815000 JavaThread "Java2D Disposer" daemon [_thread_blocked, id=9368, stack(0x000000001ef70000,0x000000001f070000)]
  0x000000001de0d800 JavaThread "Service Thread" daemon [_thread_blocked, id=2500, stack(0x000000001e400000,0x000000001e500000)]
  0x000000001dda2000 JavaThread "C1 CompilerThread2" daemon [_thread_blocked, id=9884, stack(0x000000001e300000,0x000000001e400000)]
  0x000000001dda0800 JavaThread "C2 CompilerThread1" daemon [_thread_blocked, id=6772, stack(0x000000001e200000,0x000000001e300000)]
  0x000000001dda0000 JavaThread "C2 CompilerThread0" daemon [_thread_blocked, id=6540, stack(0x000000001e100000,0x000000001e200000)]
  0x000000001c049800 JavaThread "JDWP Command Reader" daemon [_thread_in_native, id=5492, stack(0x000000001dc00000,0x000000001dd00000)]
  0x000000001c048000 JavaThread "JDWP Event Helper Thread" daemon [_thread_blocked, id=9300, stack(0x000000001db00000,0x000000001dc00000)]
=>0x000000001c039000 JavaThread "JDWP Transport Listener: dt_socket" daemon [_thread_in_vm, id=4988, stack(0x000000001da00000,0x000000001db00000)]
  0x000000001c02f800 JavaThread "Attach Listener" daemon [_thread_blocked, id=7104, stack(0x000000001d5c0000,0x000000001d6c0000)]
  0x000000001c02e000 JavaThread "Signal Dispatcher" daemon [_thread_blocked, id=4332, stack(0x000000001d4c0000,0x000000001d5c0000)]
  0x000000001c01a800 JavaThread "Finalizer" daemon [_thread_blocked, id=5596, stack(0x000000001d290000,0x000000001d390000)]
  0x00000000029f3000 JavaThread "Reference Handler" daemon [_thread_blocked, id=6660, stack(0x000000001d190000,0x000000001d290000)]

Other Threads:
  0x000000001bff7800 VMThread [stack: 0x000000001d090000,0x000000001d190000] [id=4684]

VM state:not at safepoint (normal execution)

VM Mutex/Monitor currently owned by a thread: None

OutOfMemory and StackOverflow Exception counts:
StackOverflowErrors=1

heap address: 0x00000006c1000000, size: 4080 MB, Compressed Oops mode: Zero based, Oop shift amount: 3
Narrow klass base: 0x0000000000000000, Narrow klass shift: 3
Compressed class space size: 1073741824 Address: 0x00000007c0000000

Heap:
 PSYoungGen      total 424960K, used 268819K [0x000000076b000000, 0x00000007a4c00000, 0x00000007c0000000)
  eden space 197632K, 20% used [0x000000076b000000,0x000000076d884c88,0x0000000777100000)
  from space 227328K, 100% used [0x0000000777100000,0x0000000784f00000,0x0000000784f00000)
  to   space 339456K, 0% used [0x0000000790080000,0x0000000790080000,0x00000007a4c00000)
 ParOldGen       total 995328K, used 701288K [0x00000006c1000000, 0x00000006fdc00000, 0x000000076b000000)
  object space 995328K, 70% used [0x00000006c1000000,0x00000006ebcda0e0,0x00000006fdc00000)
 Metaspace       used 11194K, capacity 11390K, committed 11648K, reserved 1058816K
  class space    used 1317K, capacity 1388K, committed 1408K, reserved 1048576K

Card table byte_map: [0x0000000011dc0000,0x00000000125c0000] byte_map_base: 0x000000000e7b8000

Marking Bits: (ParMarkBitMap*) 0x0000000054c8af90
 Begin Bits: [0x0000000012f10000, 0x0000000016ed0000)
 End Bits:   [0x0000000016ed0000, 0x000000001ae90000)

Polling page: 0x00000000007f0000

CodeCache: size=245760Kb used=2687Kb max_used=2701Kb free=243072Kb
 bounds [0x0000000002a00000, 0x0000000002cb0000, 0x0000000011a00000]
 total_blobs=1110 nmethods=631 adapters=400
 compilation: enabled

Compilation events (10 events):
Event: 57.356 Thread 0x000000001dda2000 nmethod 622 0x0000000002c9cbd0 code [0x0000000002c9cd80, 0x0000000002c9d3c8]
Event: 57.356 Thread 0x000000001dda2000  623   !   3       java.io.PrintStream::println (31 bytes)
Event: 57.356 Thread 0x000000001dda2000 nmethod 623 0x0000000002c9c210 code [0x0000000002c9c3c0, 0x0000000002c9c988]
Event: 57.356 Thread 0x000000001dda2000  628       3       java.lang.StackTraceElement::toString (140 bytes)
Event: 57.357 Thread 0x000000001dda2000 nmethod 628 0x0000000002c9e050 code [0x0000000002c9e380, 0x0000000002ca0068]
Event: 57.357 Thread 0x000000001dda2000  631       1       java.lang.String::toString (2 bytes)
Event: 57.357 Thread 0x000000001dda2000 nmethod 631 0x0000000002c9bf50 code [0x0000000002c9c0a0, 0x0000000002c9c1b0]
Event: 57.357 Thread 0x000000001dda2000  629       3       java.lang.StackTraceElement::isNativeMethod (15 bytes)
Event: 57.357 Thread 0x000000001dda2000 nmethod 629 0x0000000002c9bbd0 code [0x0000000002c9bd20, 0x0000000002c9bed0]
Event: 57.359 Thread 0x000000001dda0000 nmethod 618 0x0000000002ca40d0 code [0x0000000002ca4260, 0x0000000002ca4cd8]

GC Heap History (10 events):
Event: 1.809 GC heap before
{Heap before GC invocations=6 (full 2):
 PSYoungGen      total 141824K, used 131072K [0x000000076b000000, 0x0000000777480000, 0x00000007c0000000)
  eden space 131072K, 100% used [0x000000076b000000,0x0000000773000000,0x0000000773000000)
  from space 10752K, 0% used [0x0000000773000000,0x0000000773000000,0x0000000773a80000)
  to   space 10752K, 0% used [0x0000000776a00000,0x0000000776a00000,0x0000000777480000)
 ParOldGen       total 562176K, used 253167K [0x00000006c1000000, 0x00000006e3500000, 0x000000076b000000)
  object space 562176K, 45% used [0x00000006c1000000,0x00000006d073bcc0,0x00000006e3500000)
 Metaspace       used 6409K, capacity 6502K, committed 6656K, reserved 1056768K
  class space    used 701K, capacity 761K, committed 768K, reserved 1048576K
Event: 1.887 GC heap after
Heap after GC invocations=6 (full 2):
 PSYoungGen      total 176640K, used 10752K [0x000000076b000000, 0x0000000777480000, 0x00000007c0000000)
  eden space 165888K, 0% used [0x000000076b000000,0x000000076b000000,0x0000000775200000)
  from space 10752K, 100% used [0x0000000776a00000,0x0000000777480000,0x0000000777480000)
  to   space 10752K, 0% used [0x0000000775f80000,0x0000000775f80000,0x0000000776a00000)
 ParOldGen       total 562176K, used 375911K [0x00000006c1000000, 0x00000006e3500000, 0x000000076b000000)
  object space 562176K, 66% used [0x00000006c1000000,0x00000006d7f19cc0,0x00000006e3500000)
 Metaspace       used 6409K, capacity 6502K, committed 6656K, reserved 1056768K
  class space    used 701K, capacity 761K, committed 768K, reserved 1048576K
}
Event: 1.975 GC heap before
{Heap before GC invocations=7 (full 2):
 PSYoungGen      total 176640K, used 176640K [0x000000076b000000, 0x0000000777480000, 0x00000007c0000000)
  eden space 165888K, 100% used [0x000000076b000000,0x0000000775200000,0x0000000775200000)
  from space 10752K, 100% used [0x0000000776a00000,0x0000000777480000,0x0000000777480000)
  to   space 10752K, 0% used [0x0000000775f80000,0x0000000775f80000,0x0000000776a00000)
 ParOldGen       total 562176K, used 375911K [0x00000006c1000000, 0x00000006e3500000, 0x000000076b000000)
  object space 562176K, 66% used [0x00000006c1000000,0x00000006d7f19cc0,0x00000006e3500000)
 Metaspace       used 6409K, capacity 6502K, committed 6656K, reserved 1056768K
  class space    used 701K, capacity 761K, committed 768K, reserved 1048576K
Event: 2.057 GC heap after
Heap after GC invocations=7 (full 2):
 PSYoungGen      total 190464K, used 10752K [0x000000076b000000, 0x0000000791700000, 0x00000007c0000000)
  eden space 179712K, 0% used [0x000000076b000000,0x000000076b000000,0x0000000775f80000)
  from space 10752K, 100% used [0x0000000775f80000,0x0000000776a00000,0x0000000776a00000)
  to   space 204800K, 0% used [0x0000000784f00000,0x0000000784f00000,0x0000000791700000)
 ParOldGen       total 562176K, used 542351K [0x00000006c1000000, 0x00000006e3500000, 0x000000076b000000)
  object space 562176K, 96% used [0x00000006c1000000,0x00000006e21a3cc0,0x00000006e3500000)
 Metaspace       used 6409K, capacity 6502K, committed 6656K, reserved 1056768K
  class space    used 701K, capacity 761K, committed 768K, reserved 1048576K
}
Event: 2.057 GC heap before
{Heap before GC invocations=8 (full 3):
 PSYoungGen      total 190464K, used 10752K [0x000000076b000000, 0x0000000791700000, 0x00000007c0000000)
  eden space 179712K, 0% used [0x000000076b000000,0x000000076b000000,0x0000000775f80000)
  from space 10752K, 100% used [0x0000000775f80000,0x0000000776a00000,0x0000000776a00000)
  to   space 204800K, 0% used [0x0000000784f00000,0x0000000784f00000,0x0000000791700000)
 ParOldGen       total 562176K, used 542351K [0x00000006c1000000, 0x00000006e3500000, 0x000000076b000000)
  object space 562176K, 96% used [0x00000006c1000000,0x00000006e21a3cc0,0x00000006e3500000)
 Metaspace       used 6409K, capacity 6502K, committed 6656K, reserved 1056768K
  class space    used 701K, capacity 761K, committed 768K, reserved 1048576K
Event: 2.648 GC heap after
Heap after GC invocations=8 (full 3):
 PSYoungGen      total 190464K, used 0K [0x000000076b000000, 0x0000000791700000, 0x00000007c0000000)
  eden space 179712K, 0% used [0x000000076b000000,0x000000076b000000,0x0000000775f80000)
  from space 10752K, 0% used [0x0000000775f80000,0x0000000775f80000,0x0000000776a00000)
  to   space 204800K, 0% used [0x0000000784f00000,0x0000000784f00000,0x0000000791700000)
 ParOldGen       total 995328K, used 550112K [0x00000006c1000000, 0x00000006fdc00000, 0x000000076b000000)
  object space 995328K, 55% used [0x00000006c1000000,0x00000006e29380e0,0x00000006fdc00000)
 Metaspace       used 6409K, capacity 6502K, committed 6656K, reserved 1056768K
  class space    used 701K, capacity 761K, committed 768K, reserved 1048576K
}
Event: 2.742 GC heap before
{Heap before GC invocations=9 (full 3):
 PSYoungGen      total 190464K, used 179712K [0x000000076b000000, 0x0000000791700000, 0x00000007c0000000)
  eden space 179712K, 100% used [0x000000076b000000,0x0000000775f80000,0x0000000775f80000)
  from space 10752K, 0% used [0x0000000775f80000,0x0000000775f80000,0x0000000776a00000)
  to   space 204800K, 0% used [0x0000000784f00000,0x0000000784f00000,0x0000000791700000)
 ParOldGen       total 995328K, used 550112K [0x00000006c1000000, 0x00000006fdc00000, 0x000000076b000000)
  object space 995328K, 55% used [0x00000006c1000000,0x00000006e29380e0,0x00000006fdc00000)
 Metaspace       used 6409K, capacity 6502K, committed 6656K, reserved 1056768K
  class space    used 701K, capacity 761K, committed 768K, reserved 1048576K
Event: 2.805 GC heap after
Heap after GC invocations=9 (full 3):
 PSYoungGen      total 402432K, used 180320K [0x000000076b000000, 0x0000000794c80000, 0x00000007c0000000)
  eden space 197632K, 0% used [0x000000076b000000,0x000000076b000000,0x0000000777100000)
  from space 204800K, 88% used [0x0000000784f00000,0x000000078ff18000,0x0000000791700000)
  to   space 227328K, 0% used [0x0000000777100000,0x0000000777100000,0x0000000784f00000)
 ParOldGen       total 995328K, used 550112K [0x00000006c1000000, 0x00000006fdc00000, 0x000000076b000000)
  object space 995328K, 55% used [0x00000006c1000000,0x00000006e29380e0,0x00000006fdc00000)
 Metaspace       used 6409K, capacity 6502K, committed 6656K, reserved 1056768K
  class space    used 701K, capacity 761K, committed 768K, reserved 1048576K
}
Event: 2.903 GC heap before
{Heap before GC invocations=10 (full 3):
 PSYoungGen      total 402432K, used 377952K [0x000000076b000000, 0x0000000794c80000, 0x00000007c0000000)
  eden space 197632K, 100% used [0x000000076b000000,0x0000000777100000,0x0000000777100000)
  from space 204800K, 88% used [0x0000000784f00000,0x000000078ff18000,0x0000000791700000)
  to   space 227328K, 0% used [0x0000000777100000,0x0000000777100000,0x0000000784f00000)
 ParOldGen       total 995328K, used 550112K [0x00000006c1000000, 0x00000006fdc00000, 0x000000076b000000)
  object space 995328K, 55% used [0x00000006c1000000,0x00000006e29380e0,0x00000006fdc00000)
 Metaspace       used 6409K, capacity 6502K, committed 6656K, reserved 1056768K
  class space    used 701K, capacity 761K, committed 768K, reserved 1048576K
Event: 3.052 GC heap after
Heap after GC invocations=10 (full 3):
 PSYoungGen      total 424960K, used 227328K [0x000000076b000000, 0x00000007a4c00000, 0x00000007c0000000)
  eden space 197632K, 0% used [0x000000076b000000,0x000000076b000000,0x0000000777100000)
  from space 227328K, 100% used [0x0000000777100000,0x0000000784f00000,0x0000000784f00000)
  to   space 339456K, 0% used [0x0000000790080000,0x0000000790080000,0x00000007a4c00000)
 ParOldGen       total 995328K, used 701288K [0x00000006c1000000, 0x00000006fdc00000, 0x000000076b000000)
  object space 995328K, 70% used [0x00000006c1000000,0x00000006ebcda0e0,0x00000006fdc00000)
 Metaspace       used 6409K, capacity 6502K, committed 6656K, reserved 1056768K
  class space    used 701K, capacity 761K, committed 768K, reserved 1048576K
}

Deoptimization events (2 events):
Event: 3.082 Thread 0x0000000002902800 Uncommon trap: reason=unstable_if action=reinterpret pc=0x0000000002bdff7c method=org.eclipse.jdt.launching.internal.org.objectweb.asm.ClassReader.readUTF8(I[C)Ljava/lang/String; @ 11
Event: 3.295 Thread 0x0000000002902800 Uncommon trap: reason=unstable_if action=reinterpret pc=0x0000000002c0ebe0 method=java.lang.AbstractStringBuilder.append(Ljava/lang/String;)Ljava/lang/AbstractStringBuilder; @ 1

Classes redefined (0 events):
No events

Internal exceptions (10 events):
Event: 0.306 Thread 0x0000000002902800 Exception <a 'java/security/PrivilegedActionException'> (0x000000076b79e630) thrown at [C:\jenkins\workspace\8-2-build-windows-amd64-cygwin\jdk8u251\737\hotspot\src\share\vm\prims\jvm.cpp, line 1502]
Event: 0.306 Thread 0x0000000002902800 Exception <a 'java/security/PrivilegedActionException'> (0x000000076b79e840) thrown at [C:\jenkins\workspace\8-2-build-windows-amd64-cygwin\jdk8u251\737\hotspot\src\share\vm\prims\jvm.cpp, line 1502]
Event: 0.307 Thread 0x0000000002902800 Exception <a 'java/security/PrivilegedActionException'> (0x000000076b7a2698) thrown at [C:\jenkins\workspace\8-2-build-windows-amd64-cygwin\jdk8u251\737\hotspot\src\share\vm\prims\jvm.cpp, line 1502]
Event: 0.307 Thread 0x0000000002902800 Exception <a 'java/security/PrivilegedActionException'> (0x000000076b7a28a8) thrown at [C:\jenkins\workspace\8-2-build-windows-amd64-cygwin\jdk8u251\737\hotspot\src\share\vm\prims\jvm.cpp, line 1502]
Event: 0.309 Thread 0x0000000002902800 Exception <a 'java/io/FileNotFoundException'> (0x000000076b7af310) thrown at [C:\jenkins\workspace\8-2-build-windows-amd64-cygwin\jdk8u251\737\hotspot\src\share\vm\prims\jni.cpp, line 710]
Event: 0.339 Thread 0x0000000002902800 Exception <a 'java/lang/NoSuchFieldError': method resolution failed> (0x000000076baab8e0) thrown at [C:\jenkins\workspace\8-2-build-windows-amd64-cygwin\jdk8u251\737\hotspot\src\share\vm\prims\methodHandles.cpp, line 1167]
Event: 0.343 Thread 0x0000000002902800 Exception <a 'java/lang/NoSuchFieldError': method resolution failed> (0x000000076bab9ac8) thrown at [C:\jenkins\workspace\8-2-build-windows-amd64-cygwin\jdk8u251\737\hotspot\src\share\vm\prims\methodHandles.cpp, line 1167]
Event: 3.142 Thread 0x0000000002902800 Exception <a 'java/io/FileNotFoundException'> (0x000000076c2a4c90) thrown at [C:\jenkins\workspace\8-2-build-windows-amd64-cygwin\jdk8u251\737\hotspot\src\share\vm\prims\jni.cpp, line 710]
Event: 3.295 Thread 0x0000000002902800 Implicit null exception at 0x0000000002c0e716 to 0x0000000002c0ebc9
Event: 39.140 Thread 0x0000000002902800 Exception <a 'java/lang/StackOverflowError'> (0x000000076cd40338) thrown at [C:\jenkins\workspace\8-2-build-windows-amd64-cygwin\jdk8u251\737\hotspot\src\share\vm\interpreter\interpreterRuntime.cpp, line 325]

Events (10 events):
Event: 57.239 loading class sun/java2d/pipe/hw/AccelDeviceEventNotifier
Event: 57.239 loading class sun/java2d/pipe/hw/AccelDeviceEventNotifier done
Event: 57.260 Thread 0x000000001e81c000 Thread exited: 0x000000001e81c000
Event: 57.340 Thread 0x0000000029637800 Thread exited: 0x0000000029637800
Event: 57.342 loading class java/lang/Throwable$WrappedPrintStream
Event: 57.342 loading class java/lang/Throwable$PrintStreamOrWriter
Event: 57.342 loading class java/lang/Throwable$PrintStreamOrWriter done
Event: 57.342 loading class java/lang/Throwable$WrappedPrintStream done
Event: 57.357 Thread 0x0000000002902800 Thread exited: 0x0000000002902800
Event: 57.357 Thread 0x0000000002902800 Thread added: 0x0000000002902800


Dynamic libraries:
0x00007ff79b3b0000 - 0x00007ff79b3e7000 	H:\Program Files\Java\jre1.8.0_251\bin\javaw.exe
0x00007ffbe28a0000 - 0x00007ffbe2a90000 	C:\WINDOWS\SYSTEM32\ntdll.dll
0x00007ffbe1670000 - 0x00007ffbe1722000 	C:\WINDOWS\System32\KERNEL32.DLL
0x00007ffbdf880000 - 0x00007ffbdfb25000 	C:\WINDOWS\System32\KERNELBASE.dll
0x00007ffbe15c0000 - 0x00007ffbe1663000 	C:\WINDOWS\System32\ADVAPI32.dll
0x00007ffbe1e70000 - 0x00007ffbe1f0e000 	C:\WINDOWS\System32\msvcrt.dll
0x00007ffbe1c90000 - 0x00007ffbe1d27000 	C:\WINDOWS\System32\sechost.dll
0x00007ffbe1f10000 - 0x00007ffbe2030000 	C:\WINDOWS\System32\RPCRT4.dll
0x00007ffbe1390000 - 0x00007ffbe1524000 	C:\WINDOWS\System32\USER32.dll
0x00007ffbe0490000 - 0x00007ffbe04b1000 	C:\WINDOWS\System32\win32u.dll
0x00007ffbe12e0000 - 0x00007ffbe1306000 	C:\WINDOWS\System32\GDI32.dll
0x00007ffbe04e0000 - 0x00007ffbe0676000 	C:\WINDOWS\System32\gdi32full.dll
0x00007ffbe03f0000 - 0x00007ffbe048e000 	C:\WINDOWS\System32\msvcp_win.dll
0x00007ffbe0850000 - 0x00007ffbe094a000 	C:\WINDOWS\System32\ucrtbase.dll
0x00007ffbcfa30000 - 0x00007ffbcfcb4000 	C:\WINDOWS\WinSxS\amd64_microsoft.windows.common-controls_6595b64144ccf1df_6.0.18362.1198_none_9e820b57e45ad92f\COMCTL32.dll
0x00007ffbe20b0000 - 0x00007ffbe23e5000 	C:\WINDOWS\System32\combase.dll
0x00007ffbe0680000 - 0x00007ffbe0700000 	C:\WINDOWS\System32\bcryptPrimitives.dll
0x00007ffbe1d90000 - 0x00007ffbe1dbe000 	C:\WINDOWS\System32\IMM32.DLL
0x00000000551e0000 - 0x00000000552b2000 	H:\Program Files\Java\jre1.8.0_251\bin\msvcr100.dll
0x0000000054460000 - 0x0000000054d0b000 	H:\Program Files\Java\jre1.8.0_251\bin\server\jvm.dll
0x00007ffbe15a0000 - 0x00007ffbe15a8000 	C:\WINDOWS\System32\PSAPI.DLL
0x00007ffbd4070000 - 0x00007ffbd4094000 	C:\WINDOWS\SYSTEM32\WINMM.dll
0x00007ffbd7bc0000 - 0x00007ffbd7bc9000 	C:\WINDOWS\SYSTEM32\WSOCK32.dll
0x00007ffbdac60000 - 0x00007ffbdac6a000 	C:\WINDOWS\SYSTEM32\VERSION.dll
0x00007ffbe1530000 - 0x00007ffbe159f000 	C:\WINDOWS\System32\WS2_32.dll
0x00007ffbd3dc0000 - 0x00007ffbd3ded000 	C:\WINDOWS\SYSTEM32\WINMMBASE.dll
0x00007ffbe02f0000 - 0x00007ffbe033a000 	C:\WINDOWS\System32\cfgmgr32.dll
0x00007ffbd98b0000 - 0x00007ffbd98bf000 	H:\Program Files\Java\jre1.8.0_251\bin\verify.dll
0x00007ffbd73f0000 - 0x00007ffbd7419000 	H:\Program Files\Java\jre1.8.0_251\bin\java.dll
0x00007ffbd9db0000 - 0x00007ffbd9de5000 	H:\Program Files\Java\jre1.8.0_251\bin\jdwp.dll
0x00007ffbd9da0000 - 0x00007ffbd9da8000 	H:\Program Files\Java\jre1.8.0_251\bin\npt.dll
0x00007ffbd9d70000 - 0x00007ffbd9d93000 	H:\Program Files\Java\jre1.8.0_251\bin\instrument.dll
0x00007ffbd7950000 - 0x00007ffbd7966000 	H:\Program Files\Java\jre1.8.0_251\bin\zip.dll
0x00007ffbe0bf0000 - 0x00007ffbe12d7000 	C:\WINDOWS\System32\SHELL32.dll
0x00007ffbe19b0000 - 0x00007ffbe1a59000 	C:\WINDOWS\System32\shcore.dll
0x00007ffbdfb30000 - 0x00007ffbe02b1000 	C:\WINDOWS\System32\windows.storage.dll
0x00007ffbdf7f0000 - 0x00007ffbdf813000 	C:\WINDOWS\System32\profapi.dll
0x00007ffbdf780000 - 0x00007ffbdf7ca000 	C:\WINDOWS\System32\powrprof.dll
0x00007ffbdf750000 - 0x00007ffbdf760000 	C:\WINDOWS\System32\UMPDC.dll
0x00007ffbe1950000 - 0x00007ffbe19a2000 	C:\WINDOWS\System32\shlwapi.dll
0x00007ffbdf7d0000 - 0x00007ffbdf7e1000 	C:\WINDOWS\System32\kernel.appcore.dll
0x00007ffbe04c0000 - 0x00007ffbe04d7000 	C:\WINDOWS\System32\cryptsp.dll
0x00007ffbd9d60000 - 0x00007ffbd9d69000 	H:\Program Files\Java\jre1.8.0_251\bin\dt_socket.dll
0x00007ffbcf030000 - 0x00007ffbcf046000 	C:\WINDOWS\system32\napinsp.dll
0x00007ffbcef70000 - 0x00007ffbcef8a000 	C:\WINDOWS\system32\pnrpnsp.dll
0x00007ffbd7e50000 - 0x00007ffbd7e65000 	C:\WINDOWS\system32\wshbth.dll
0x00007ffbd9c90000 - 0x00007ffbd9cac000 	C:\WINDOWS\system32\NLAapi.dll
0x00007ffbdecb0000 - 0x00007ffbdecea000 	C:\WINDOWS\SYSTEM32\IPHLPAPI.DLL
0x00007ffbdefa0000 - 0x00007ffbdf007000 	C:\WINDOWS\System32\mswsock.dll
0x00007ffbdecf0000 - 0x00007ffbdedbb000 	C:\WINDOWS\SYSTEM32\DNSAPI.dll
0x00007ffbe15b0000 - 0x00007ffbe15b8000 	C:\WINDOWS\System32\NSI.dll
0x00007ffbcef60000 - 0x00007ffbcef6e000 	C:\WINDOWS\System32\winrnr.dll
0x00007ffbd5fe0000 - 0x00007ffbd6057000 	C:\WINDOWS\System32\fwpuclnt.dll
0x00007ffbe02c0000 - 0x00007ffbe02e6000 	C:\WINDOWS\System32\bcrypt.dll
0x00007ffbd4ea0000 - 0x00007ffbd4eaa000 	C:\Windows\System32\rasadhlp.dll
0x00007ffbc4db0000 - 0x00007ffbc4f4a000 	H:\Program Files\Java\jre1.8.0_251\bin\awt.dll
0x00007ffbe1800000 - 0x00007ffbe18c5000 	C:\WINDOWS\System32\OLEAUT32.dll
0x00007ffbdd590000 - 0x00007ffbdd61f000 	C:\WINDOWS\SYSTEM32\apphelp.dll
0x00007ffbddc50000 - 0x00007ffbddc7d000 	C:\WINDOWS\system32\DWMAPI.DLL
0x00007ffbdd660000 - 0x00007ffbdd6f9000 	C:\WINDOWS\system32\uxtheme.dll
0x00007ffbc6dc0000 - 0x00007ffbc6f16000 	C:\WINDOWS\system32\opengl32.dll
0x00007ffbd9cd0000 - 0x00007ffbd9cfc000 	C:\WINDOWS\SYSTEM32\GLU32.dll
0x00007ffbde400000 - 0x00007ffbde420000 	C:\WINDOWS\SYSTEM32\dxcore.dll
0x00007ffbe0ab0000 - 0x00007ffbe0be5000 	C:\WINDOWS\System32\MSCTF.dll
0x00007ffbe0950000 - 0x00007ffbe0aa7000 	C:\WINDOWS\System32\ole32.dll
0x00007ffbe0700000 - 0x00007ffbe0849000 	C:\WINDOWS\System32\crypt32.dll
0x00007ffbdf760000 - 0x00007ffbdf772000 	C:\WINDOWS\System32\MSASN1.dll
0x00007ffbdf820000 - 0x00007ffbdf87c000 	C:\WINDOWS\System32\WINTRUST.DLL
0x00007ffbe1370000 - 0x00007ffbe138d000 	C:\WINDOWS\System32\imagehlp.dll
0x00007ffbdeb10000 - 0x00007ffbdeb43000 	C:\WINDOWS\system32\rsaenh.dll
0x00007ffbdf170000 - 0x00007ffbdf17c000 	C:\WINDOWS\SYSTEM32\CRYPTBASE.dll
0x00007ffbde340000 - 0x00007ffbde362000 	C:\WINDOWS\SYSTEM32\gpapi.dll
0x00007ffbcedd0000 - 0x00007ffbcedff000 	C:\WINDOWS\SYSTEM32\cryptnet.dll
0x00007ffbd5870000 - 0x00007ffbd58b9000 	H:\Program Files\Java\jre1.8.0_251\bin\fontmanager.dll
0x00007ffbd3320000 - 0x00007ffbd33be000 	C:\WINDOWS\System32\TextInputFramework.dll
0x00007ffbd2ea0000 - 0x00007ffbd31ca000 	C:\WINDOWS\System32\CoreUIComponents.dll
0x00007ffbdcfe0000 - 0x00007ffbdd0b4000 	C:\WINDOWS\System32\CoreMessaging.dll
0x00007ffbde790000 - 0x00007ffbde7c1000 	C:\WINDOWS\SYSTEM32\ntmarta.dll
0x00007ffbdb5a0000 - 0x00007ffbdb6f3000 	C:\WINDOWS\SYSTEM32\wintypes.dll
0x00007ffbd1870000 - 0x00007ffbd1b17000 	C:\WINDOWS\System32\iertutil.dll
0x00007ffbddd40000 - 0x00007ffbddf34000 	C:\WINDOWS\SYSTEM32\dbghelp.dll

VM Arguments:
jvm_args: -agentlib:jdwp=transport=dt_socket,suspend=y,address=localhost:51866 -ea -javaagent:H:\Users\David\eclipse\java-2019-12\eclipse\configuration\org.eclipse.osgi\776\0\.cp\lib\javaagent-shaded.jar -Dfile.encoding=Cp1252 
java_command: kane.Kane
java_class_path (initial): H:\Users\David\eclipse-workspace\Kane\bin;H:\Users\David\eclipse\java-2019-12\eclipse\configuration\org.eclipse.osgi\776\0\.cp\lib\javaagent-shaded.jar
Launcher Type: SUN_STANDARD

Environment Variables:
PATH=H:/Program Files/Java/jre1.8.0_251/bin/server;H:/Program Files/Java/jre1.8.0_251/bin;H:/Program Files/Java/jre1.8.0_251/lib/amd64;C:\Program Files (x86)\NVIDIA Corporation\PhysX\Common;C:\Program Files\Haskell\bin;H:\Program Files\Haskell Platform\8.6.3\lib\extralibs\bin;H:\Program Files\Haskell Platform\8.6.3\bin;C:\Program Files (x86)\Common Files\Oracle\Java\javapath;C:\WINDOWS\system32;C:\WINDOWS;C:\WINDOWS\System32\Wbem;C:\WINDOWS\System32\WindowsPowerShell\v1.0\;C:\WINDOWS\System32\OpenSSH\;H:\Program Files\Haskell Platform\8.6.3\mingw\bin;H:\Program Files\Git\cmd;C:\Users\David\AppData\Roaming\cabal\bin;H:\Users\David\AppData\Roaming\local\bin;C:\Users\David\AppData\Local\Microsoft\WindowsApps;H:\Documents\Uni\01Laufendes\Mathe1\texlive\2020\bin\win32;C:\WINDOWS\system32;
USERNAME=David
OS=Windows_NT
PROCESSOR_IDENTIFIER=Intel64 Family 6 Model 60 Stepping 3, GenuineIntel



---------------  S Y S T E M  ---------------

OS: Windows 10.0 , 64 bit Build 18362 (10.0.18362.1110)

CPU:total 4 (initial active 4) (4 cores per cpu, 1 threads per core) family 6 model 60 stepping 3, cmov, cx8, fxsr, mmx, sse, sse2, sse3, ssse3, sse4.1, sse4.2, popcnt, avx, avx2, aes, clmul, erms, lzcnt, tsc, tscinvbit, bmi1, bmi2

Memory: 4k page, physical 16705028k(10676584k free), swap 19195396k(8205160k free)

vm_info: Java HotSpot(TM) 64-Bit Server VM (25.251-b08) for windows-amd64 JRE (1.8.0_251-b08), built on Mar 12 2020 06:31:49 by "" with MS VC++ 10.0 (VS2010)

time: Thu Nov 12 16:18:19 2020
timezone: Mitteleuropäische Zeit
elapsed time: 57 seconds (0d 0h 0m 57s)

